#
# There is insufficient memory for the Java Runtime Environment to continue.
# Native memory allocation (mmap) failed to map 264241152 bytes for Failed to commit area from 0x0000000705800000 to 0x0000000715400000 of length 264241152.
# Possible reasons:
#   The system is out of physical RAM or swap space
#   The process is running with CompressedOops enabled, and the Java Heap may be blocking the growth of the native heap
# Possible solutions:
#   Reduce memory load on the system
#   Increase physical memory or swap space
#   Check if swap backing store is full
#   Decrease Java heap size (-Xmx/-Xms)
#   Decrease number of Java threads
#   Decrease Java thread stack sizes (-Xss)
#   Set larger code cache with -XX:ReservedCodeCacheSize=
# This output file may be truncated or incomplete.
#
#  Out of Memory Error (./src/hotspot/os/windows/os_windows.cpp:3386), pid=133772, tid=71332
#
# JRE version:  (11.0.16.1+1) (build )
# Java VM: OpenJDK 64-Bit Server VM (11.0.16.1+1-LTS, mixed mode, sharing, tiered, compressed oops, g1 gc, windows-amd64)
# No core dump will be written. Minidumps are not enabled by default on client versions of Windows
#

---------------  S U M M A R Y ------------

Command Line: 

Host: Intel(R) Core(TM) i5-10400 CPU @ 2.90GHz, 12 cores, 15G,  Windows 10 , 64 bit Build 19041 (10.0.19041.3031)
Time: Wed Oct 11 10:45:40 2023 India Standard Time elapsed time: 0.011174 seconds (0d 0h 0m 0s)

---------------  T H R E A D  ---------------

Current thread (0x0000022015c7b000):  JavaThread "Unknown thread" [_thread_in_vm, id=71332, stack(0x000000a38bf00000,0x000000a38c000000)]

Stack: [0x000000a38bf00000,0x000000a38c000000]
Native frames: (J=compiled Java code, j=interpreted, Vv=VM code, C=native code)
V  [jvm.dll+0x62652a]
V  [jvm.dll+0x7b3249]
V  [jvm.dll+0x7b4938]
V  [jvm.dll+0x7b5013]
V  [jvm.dll+0x24fca8]
V  [jvm.dll+0x62383a]
V  [jvm.dll+0x617fe5]
V  [jvm.dll+0x307bac]
V  [jvm.dll+0x307a32]
V  [jvm.dll+0x30c746]
V  [jvm.dll+0x352b9f]
V  [jvm.dll+0x3525d0]
V  [jvm.dll+0x2e4ba8]
V  [jvm.dll+0x2e5d06]
V  [jvm.dll+0x78d097]
V  [jvm.dll+0x78e81f]
V  [jvm.dll+0x35f8e9]
V  [jvm.dll+0x770000]
V  [jvm.dll+0x3cd40f]
V  [jvm.dll+0x3cf7a1]
C  [jli.dll+0x5207]
C  [ucrtbase.dll+0x21bb2]
C  [KERNEL32.DLL+0x17614]
C  [ntdll.dll+0x526f1]


---------------  P R O C E S S  ---------------

Threads class SMR info:
_java_thread_list=0x0000022015aa3ca0, length=0, elements={
}

Java Threads: ( => current thread )

Other Threads:
  0x0000022015c92000 GCTaskThread "GC Thread#0" [stack: 0x000000a38c000000,0x000000a38c100000] [id=120880]
  0x0000022015cef800 ConcurrentGCThread "G1 Main Marker" [stack: 0x000000a38c100000,0x000000a38c200000] [id=97836]
  0x0000022015cf3000 ConcurrentGCThread "G1 Conc#0" [stack: 0x000000a38c200000,0x000000a38c300000] [id=91536]

[error occurred during error reporting (printing all threads), id 0xc0000005, EXCEPTION_ACCESS_VIOLATION (0xc0000005) at pc=0x00007ff828504377]

VM state:not at safepoint (not fully initialized)

VM Mutex/Monitor currently owned by a thread:  ([mutex/lock_event])
[0x0000022015c75df0] Heap_lock - owner thread: 0x0000022015c7b000

Heap address: 0x0000000705800000, size: 4008 MB, Compressed Oops mode: Non-zero based: 0x0000000705800000
Narrow klass base: 0x0000000000000000, Narrow klass shift: 0

GC Heap History (0 events):
No events

Deoptimization events (0 events):
No events

Classes redefined (0 events):
No events

Internal exceptions (0 events):
No events

Events (1 events):
Event: 0.007 Loaded shared library C:\Program Files\Microsoft\jdk-11.0.16.101-hotspot\bin\zip.dll


Dynamic libraries:
0x00007ff713430000 - 0x00007ff71343d000 	C:\Program Files\Microsoft\jdk-11.0.16.101-hotspot\bin\java.exe
0x00007ff8f6110000 - 0x00007ff8f6308000 	C:\Windows\SYSTEM32\ntdll.dll
0x00007ff8f4e60000 - 0x00007ff8f4f1f000 	C:\Windows\System32\KERNEL32.DLL
0x00007ff8f39a0000 - 0x00007ff8f3c96000 	C:\Windows\System32\KERNELBASE.dll
0x00007ff8f37c0000 - 0x00007ff8f38c0000 	C:\Windows\System32\ucrtbase.dll
0x00007ff8a57d0000 - 0x00007ff8a57e7000 	C:\Program Files\Microsoft\jdk-11.0.16.101-hotspot\bin\jli.dll
0x00007ff8a2d30000 - 0x00007ff8a2d45000 	C:\Program Files\Microsoft\jdk-11.0.16.101-hotspot\bin\VCRUNTIME140.dll
0x00007ff8f4c90000 - 0x00007ff8f4e2d000 	C:\Windows\System32\USER32.dll
0x00007ff8f38c0000 - 0x00007ff8f38e2000 	C:\Windows\System32\win32u.dll
0x00007ff8cb850000 - 0x00007ff8cbaea000 	C:\Windows\WinSxS\amd64_microsoft.windows.common-controls_6595b64144ccf1df_6.0.19041.1110_none_60b5254171f9507e\COMCTL32.dll
0x00007ff8f4e30000 - 0x00007ff8f4e5c000 	C:\Windows\System32\GDI32.dll
0x00007ff8f51f0000 - 0x00007ff8f528e000 	C:\Windows\System32\msvcrt.dll
0x00007ff8f4020000 - 0x00007ff8f4135000 	C:\Windows\System32\gdi32full.dll
0x00007ff8f3f80000 - 0x00007ff8f401d000 	C:\Windows\System32\msvcp_win.dll
0x00007ff8f6070000 - 0x00007ff8f60a0000 	C:\Windows\System32\IMM32.DLL
0x00007ff829350000 - 0x00007ff8293eb000 	C:\Program Files\Microsoft\jdk-11.0.16.101-hotspot\bin\msvcp140.dll
0x00007ff828210000 - 0x00007ff828d9a000 	C:\Program Files\Microsoft\jdk-11.0.16.101-hotspot\bin\server\jvm.dll
0x00007ff8f4740000 - 0x00007ff8f47ef000 	C:\Windows\System32\ADVAPI32.dll
0x00007ff8f4b80000 - 0x00007ff8f4c1c000 	C:\Windows\System32\sechost.dll
0x00007ff8f4a40000 - 0x00007ff8f4b66000 	C:\Windows\System32\RPCRT4.dll
0x00007ff8f5320000 - 0x00007ff8f5328000 	C:\Windows\System32\PSAPI.DLL
0x00007ff8eacb0000 - 0x00007ff8eacba000 	C:\Windows\SYSTEM32\VERSION.dll
0x00007ff8e5040000 - 0x00007ff8e5067000 	C:\Windows\SYSTEM32\WINMM.dll
0x00007ff8c5ed0000 - 0x00007ff8c5ed9000 	C:\Windows\SYSTEM32\WSOCK32.dll
0x00007ff8f5180000 - 0x00007ff8f51eb000 	C:\Windows\System32\WS2_32.dll
0x00007ff8f2140000 - 0x00007ff8f2152000 	C:\Windows\SYSTEM32\kernel.appcore.dll
0x00007ff8c5e70000 - 0x00007ff8c5e80000 	C:\Program Files\Microsoft\jdk-11.0.16.101-hotspot\bin\verify.dll
0x00007ff8f0dd0000 - 0x00007ff8f0fb4000 	C:\Windows\SYSTEM32\DBGHELP.DLL
0x00007ff8e3d40000 - 0x00007ff8e3d74000 	C:\Windows\SYSTEM32\dbgcore.DLL
0x00007ff8f3e00000 - 0x00007ff8f3e82000 	C:\Windows\System32\bcryptPrimitives.dll
0x00007ff829320000 - 0x00007ff829348000 	C:\Program Files\Microsoft\jdk-11.0.16.101-hotspot\bin\java.dll
0x00007ff8c5d90000 - 0x00007ff8c5d9a000 	C:\Program Files\Microsoft\jdk-11.0.16.101-hotspot\bin\jimage.dll
0x00007ff8a0840000 - 0x00007ff8a0858000 	C:\Program Files\Microsoft\jdk-11.0.16.101-hotspot\bin\zip.dll

dbghelp: loaded successfully - version: 4.0.5 - missing functions: none
symbol engine: initialized successfully - sym options: 0x614 - pdb path: .;C:\Program Files\Microsoft\jdk-11.0.16.101-hotspot\bin;C:\Windows\SYSTEM32;C:\Windows\WinSxS\amd64_microsoft.windows.common-controls_6595b64144ccf1df_6.0.19041.1110_none_60b5254171f9507e;C:\Program Files\Microsoft\jdk-11.0.16.101-hotspot\bin\server

VM Arguments:
java_command: <unknown>
java_class_path (initial): <not set>
Launcher Type: SUN_STANDARD

[Global flags]
     intx CICompilerCount                          = 4                                         {product} {ergonomic}
     uint ConcGCThreads                            = 3                                         {product} {ergonomic}
     uint G1ConcRefinementThreads                  = 10                                        {product} {ergonomic}
   size_t G1HeapRegionSize                         = 1048576                                   {product} {ergonomic}
    uintx GCDrainStackTargetSize                   = 64                                        {product} {ergonomic}
   size_t InitialHeapSize                          = 264241152                                 {product} {ergonomic}
   size_t MarkStackSize                            = 4194304                                   {product} {ergonomic}
   size_t MaxHeapSize                              = 4202692608                                {product} {ergonomic}
   size_t MinHeapDeltaBytes                        = 1048576                                   {product} {ergonomic}
    uintx NonNMethodCodeHeapSize                   = 5836300                                {pd product} {ergonomic}
    uintx NonProfiledCodeHeapSize                  = 122910970                              {pd product} {ergonomic}
    uintx ProfiledCodeHeapSize                     = 122910970                              {pd product} {ergonomic}
    uintx ReservedCodeCacheSize                    = 251658240                              {pd product} {ergonomic}
     bool SegmentedCodeCache                       = true                                      {product} {ergonomic}
     bool UseCompressedClassPointers               = true                                 {lp64_product} {ergonomic}
     bool UseCompressedOops                        = true                                 {lp64_product} {ergonomic}
     bool UseG1GC                                  = true                                      {product} {ergonomic}
     bool UseLargePagesIndividualAllocation        = false                                  {pd product} {ergonomic}

Logging:
Log output configuration:
 #0: stdout all=warning uptime,level,tags
 #1: stderr all=off uptime,level,tags

Environment Variables:
PATH=C:\Program Files\Microsoft\jdk-11.0.16.101-hotspot\bin;C:\Program Files\Microsoft MPI\Bin\;C:\Windows\system32;C:\Windows;C:\Windows\System32\Wbem;C:\Windows\System32\WindowsPowerShell\v1.0\;C:\Windows\System32\OpenSSH\;C:\Program Files (x86)\CheckPoint\Endpoint Security\Endpoint Common\bin;C:\Program Files (x86)\Microsoft SQL Server\140\Tools\Binn\;C:\Program Files\Microsoft SQL Server\140\Tools\Binn\;C:\Program Files (x86)\Microsoft SQL Server\140\DTS\Binn\;C:\Program Files\Microsoft SQL Server\140\DTS\Binn\;C:\Program Files\Microsoft SQL Server\Client SDK\ODBC\130\Tools\Binn\;C:\Program Files (x86)\Microsoft SQL Server\Client SDK\ODBC\130\Tools\Binn\;C:\Program Files (x86)\Microsoft SQL Server\140\Tools\Binn\ManagementStudio\;C:\Program Files\Microsoft SQL Server\130\Tools\Binn\;C:\Program Files\nodejs;C:\Program Files\Git\cmd;C:\Program Files (x86)\GitExtensions\;C:\Program Files\MongoDB\Server\3.4\bin;C:\Program Files\nodejs\;C:\Program Files\Microsoft SQL Server\150\Tools\Binn\;C:\Program Files\Microsoft SQL Server\Client SDK\ODBC\170\Tools\Binn\;C:\Program Files\dotnet\;C:\Users\chandrashekharam\AppData\Local\Microsoft\WindowsApps;C:\Users\chandrashekharam\.dotnet\tools;C:\VSCode\Microsoft VS Code\bin;C:\Users\chandrashekharam\AppData\Roaming\npm
USERNAME=chandrashekharam
OS=Windows_NT
PROCESSOR_IDENTIFIER=Intel64 Family 6 Model 165 Stepping 3, GenuineIntel
TMP=C:\Users\CHANDR~1\AppData\Local\Temp
TEMP=C:\Users\CHANDR~1\AppData\Local\Temp



---------------  S Y S T E M  ---------------

OS: Windows 10 , 64 bit Build 19041 (10.0.19041.3031)
OS uptime: 14 days 6:18 hours
Hyper-V role detected

CPU:total 12 (initial active 12) (6 cores per cpu, 2 threads per core) family 6 model 165 stepping 3 microcode 0xcc, cmov, cx8, fxsr, mmx, sse, sse2, sse3, ssse3, sse4.1, sse4.2, popcnt, avx, avx2, aes, clmul, erms, 3dnowpref, lzcnt, ht, tsc, tscinvbit, bmi1, bmi2, adx, fma

Memory: 4k page, system-wide physical 16026M (2104M free)
TotalPageFile size 28026M (AvailPageFile size 203M)
current process WorkingSet (physical memory assigned to process): 10M, peak: 10M
current process commit charge ("private bytes"): 64M, peak: 316M

vm_info: OpenJDK 64-Bit Server VM (11.0.16.1+1-LTS) for windows-amd64 JRE (11.0.16.1+1-LTS), built on Aug 20 2022 20:09:04 by "" with MS VC++ 15.9 (VS2017)

END.
