#
# There is insufficient memory for the Java Runtime Environment to continue.
# Native memory allocation (mmap) failed to map 124780544 bytes for Failed to commit area from 0x0000000715400000 to 0x000000071cb00000 of length 124780544.
# Possible reasons:
#   The system is out of physical RAM or swap space
#   The process is running with CompressedOops enabled, and the Java Heap may be blocking the growth of the native heap
# Possible solutions:
#   Reduce memory load on the system
#   Increase physical memory or swap space
#   Check if swap backing store is full
#   Decrease Java heap size (-Xmx/-Xms)
#   Decrease number of Java threads
#   Decrease Java thread stack sizes (-Xss)
#   Set larger code cache with -XX:ReservedCodeCacheSize=
#   JVM is running with Zero Based Compressed Oops mode in which the Java heap is
#     placed in the first 32GB address space. The Java Heap base address is the
#     maximum limit for the native heap growth. Please use -XX:HeapBaseMinAddress
#     to set the Java Heap base and to place the Java Heap above 32GB virtual address.
# This output file may be truncated or incomplete.
#
#  Out of Memory Error (./src/hotspot/os/windows/os_windows.cpp:3386), pid=23744, tid=2208
#
# JRE version: OpenJDK Runtime Environment Microsoft-40648 (11.0.16.1+1) (build 11.0.16.1+1-LTS)
# Java VM: OpenJDK 64-Bit Server VM Microsoft-40648 (11.0.16.1+1-LTS, mixed mode, tiered, compressed oops, g1 gc, windows-amd64)
# No core dump will be written. Minidumps are not enabled by default on client versions of Windows
#

---------------  S U M M A R Y ------------

Command Line: com.xamarin.manifestmerger.Main obj\Debug\net7.0-android\android\manifestmerger.rsp

Host: Intel(R) Core(TM) i5-10400 CPU @ 2.90GHz, 12 cores, 15G,  Windows 10 , 64 bit Build 19041 (10.0.19041.3031)
Time: Tue Sep 12 11:47:12 2023 India Standard Time elapsed time: 0.950190 seconds (0d 0h 0m 0s)

---------------  T H R E A D  ---------------

Current thread (0x000002a7b078f800):  VMThread "VM Thread" [stack: 0x000000cc96800000,0x000000cc96900000] [id=2208]

Stack: [0x000000cc96800000,0x000000cc96900000]
[error occurred during error reporting (printing stack bounds), id 0xc0000005, EXCEPTION_ACCESS_VIOLATION (0xc0000005) at pc=0x000002a79489112d]

Native frames: (J=compiled Java code, j=interpreted, Vv=VM code, C=native code)
V  [jvm.dll+0x62652a]
V  [jvm.dll+0x7b3249]
V  [jvm.dll+0x7b4938]
V  [jvm.dll+0x7b4f75]
V  [jvm.dll+0x7b4f2b]
V  [jvm.dll+0x6258b7]
V  [jvm.dll+0x625fc8]
C  [ntdll.dll+0xa247f]
C  [ntdll.dll+0x514f4]
C  [ntdll.dll+0xa0f8e]
C  0x000002a79489112d

VM_Operation (0x000000cc962fbad0): G1CollectForAllocation, mode: safepoint, requested by thread 0x000002a78a82b000


---------------  P R O C E S S  ---------------

Threads class SMR info:
_java_thread_list=0x000002a7b1211850, length=12, elements={
0x000002a78a82b000, 0x000002a7b0792800, 0x000002a7b0794000, 0x000002a7b10ac800,
0x000002a7b10af000, 0x000002a7b10b2800, 0x000002a7b1061800, 0x000002a7b07b9000,
0x000002a7b07bc800, 0x000002a7b1227800, 0x000002a7b1235800, 0x000002a7b121a800
}

Java Threads: ( => current thread )
  0x000002a78a82b000 JavaThread "main" [_thread_blocked, id=91032, stack(0x000000cc96200000,0x000000cc96300000)]
  0x000002a7b0792800 JavaThread "Reference Handler" daemon [_thread_blocked, id=77756, stack(0x000000cc96900000,0x000000cc96a00000)]
  0x000002a7b0794000 JavaThread "Finalizer" daemon [_thread_blocked, id=55200, stack(0x000000cc96a00000,0x000000cc96b00000)]
  0x000002a7b10ac800 JavaThread "Signal Dispatcher" daemon [_thread_blocked, id=43652, stack(0x000000cc96b00000,0x000000cc96c00000)]
  0x000002a7b10af000 JavaThread "Attach Listener" daemon [_thread_blocked, id=34092, stack(0x000000cc96c00000,0x000000cc96d00000)]
  0x000002a7b10b2800 JavaThread "Service Thread" daemon [_thread_blocked, id=22744, stack(0x000000cc96d00000,0x000000cc96e00000)]
  0x000002a7b1061800 JavaThread "C2 CompilerThread0" daemon [_thread_in_native, id=68644, stack(0x000000cc96e00000,0x000000cc96f00000)]
  0x000002a7b07b9000 JavaThread "C1 CompilerThread0" daemon [_thread_blocked, id=81192, stack(0x000000cc96f00000,0x000000cc97000000)]
  0x000002a7b07bc800 JavaThread "Sweeper thread" daemon [_thread_blocked, id=13564, stack(0x000000cc97000000,0x000000cc97100000)]
  0x000002a7b1227800 JavaThread "Common-Cleaner" daemon [_thread_blocked, id=45516, stack(0x000000cc97200000,0x000000cc97300000)]
  0x000002a7b1235800 JavaThread "C2 CompilerThread1" daemon [_thread_blocked, id=24408, stack(0x000000cc97300000,0x000000cc97400000)]
  0x000002a7b121a800 JavaThread "C2 CompilerThread2" daemon [_thread_blocked, id=89156, stack(0x000000cc97400000,0x000000cc97500000)]

Other Threads:
=>0x000002a7b078f800 VMThread "VM Thread" [stack: 0x000000cc96800000,0x000000cc96900000] [id=2208]
  0x000002a7b121a000 WatcherThread [stack: 0x000000cc97100000,0x000000cc97200000] [id=48484]
  0x000002a78a973000 GCTaskThread "GC Thread#0" [stack: 0x000000cc96300000,0x000000cc96400000] [id=68720]
  0x000002a7b16e3000 GCTaskThread "GC Thread#1" [stack: 0x000000cc97500000,0x000000cc97600000] [id=86852]
  0x000002a7b16dd000 GCTaskThread "GC Thread#2" [stack: 0x000000cc97600000,0x000000cc97700000] [id=102868]
  0x000002a7b16e4800 GCTaskThread "GC Thread#3" [stack: 0x000000cc97700000,0x000000cc97800000] [id=51724]
  0x000002a7b16de000 GCTaskThread "GC Thread#4" [stack: 0x000000cc97800000,0x000000cc97900000] [id=17000]
  0x000002a7b16e3800 GCTaskThread "GC Thread#5" [stack: 0x000000cc97900000,0x000000cc97a00000] [id=14108]
  0x000002a78a9d0000 ConcurrentGCThread "G1 Main Marker" [stack: 0x000000cc96400000,0x000000cc96500000] [id=87604]
  0x000002a78a9d2800 ConcurrentGCThread "G1 Conc#0" [stack: 0x000000cc96500000,0x000000cc96600000] [id=67024]
  0x000002a7b067d800 ConcurrentGCThread "G1 Refine#0" [stack: 0x000000cc96600000,0x000000cc96700000] [id=52004]
  0x000002a7b1a5d000 ConcurrentGCThread "G1 Refine#1" [stack: 0x000000cc97a00000,0x000000cc97b00000] [id=45252]
  0x000002a7b13bd800 ConcurrentGCThread "G1 Refine#2" [stack: 0x000000cc97b00000,0x000000cc97c00000] [id=93572]
  0x000002a7b1cc7000 ConcurrentGCThread "G1 Refine#3" [stack: 0x000000cc97c00000,0x000000cc97d00000] [id=832]
  0x000002a7b1811800 ConcurrentGCThread "G1 Refine#4" [stack: 0x000000cc97d00000,0x000000cc97e00000] [id=23704]
  0x000002a7b17d5000 ConcurrentGCThread "G1 Refine#5" [stack: 0x000000cc97e00000,0x000000cc97f00000] [id=96736]
  0x000002a7b17d5800 ConcurrentGCThread "G1 Refine#6" [stack: 0x000000cc97f00000,0x000000cc98000000] [id=28120]
  0x000002a7b067e800 ConcurrentGCThread "G1 Young RemSet Sampling" [stack: 0x000000cc96700000,0x000000cc96800000] [id=21844]

Threads with active compile tasks:
C2 CompilerThread0      963  888       4       java.util.jar.Manifest::read (340 bytes)

VM state:at safepoint (normal execution)

VM Mutex/Monitor currently owned by a thread:  ([mutex/lock_event])
[0x000002a78a95ab90] Threads_lock - owner thread: 0x000002a7b078f800
[0x000002a78a95b130] Heap_lock - owner thread: 0x000002a78a82b000

Heap address: 0x0000000705800000, size: 4008 MB, Compressed Oops mode: Zero based, Oop shift amount: 3
Narrow klass base: 0x0000000800000000, Narrow klass shift: 0
Compressed class space size: 1073741824 Address: 0x0000000800000000

Heap:
 garbage-first heap   total 379904K, used 57777K [0x0000000705800000, 0x0000000800000000)
  region size 1024K, 7 young (7168K), 7 survivors (7168K)
 Metaspace       used 10187K, capacity 10289K, committed 10496K, reserved 1058816K
  class space    used 946K, capacity 983K, committed 1024K, reserved 1048576K
Heap Regions: E=young(eden), S=young(survivor), O=old, HS=humongous(starts), HC=humongous(continues), CS=collection set, F=free, A=archive, TAMS=top-at-mark-start (previous, next)
|   0|0x0000000705800000, 0x0000000705900000, 0x0000000705900000|100%|HS|  |TAMS 0x0000000705800000, 0x0000000705800000| Complete 
|   1|0x0000000705900000, 0x0000000705a00000, 0x0000000705a00000|100%|HC|  |TAMS 0x0000000705900000, 0x0000000705900000| Complete 
|   2|0x0000000705a00000, 0x0000000705b00000, 0x0000000705b00000|100%|HC|  |TAMS 0x0000000705a00000, 0x0000000705a00000| Complete 
|   3|0x0000000705b00000, 0x0000000705c00000, 0x0000000705c00000|100%| O|  |TAMS 0x0000000705b00000, 0x0000000705b00000| Untracked 
|   4|0x0000000705c00000, 0x0000000705d00000, 0x0000000705d00000|100%| O|  |TAMS 0x0000000705c00000, 0x0000000705c00000| Untracked 
|   5|0x0000000705d00000, 0x0000000705e00000, 0x0000000705e00000|100%| O|  |TAMS 0x0000000705d00000, 0x0000000705d00000| Untracked 
|   6|0x0000000705e00000, 0x0000000705f00000, 0x0000000705f00000|100%|HS|  |TAMS 0x0000000705e00000, 0x0000000705e00000| Complete 
|   7|0x0000000705f00000, 0x0000000706000000, 0x0000000706000000|100%|HC|  |TAMS 0x0000000705f00000, 0x0000000705f00000| Complete 
|   8|0x0000000706000000, 0x0000000706100000, 0x0000000706100000|100%|HC|  |TAMS 0x0000000706000000, 0x0000000706000000| Complete 
|   9|0x0000000706100000, 0x0000000706200000, 0x0000000706200000|100%| O|  |TAMS 0x0000000706100000, 0x0000000706100000| Untracked 
|  10|0x0000000706200000, 0x0000000706300000, 0x0000000706300000|100%| O|  |TAMS 0x0000000706200000, 0x0000000706200000| Untracked 
|  11|0x0000000706300000, 0x0000000706400000, 0x0000000706400000|100%| O|  |TAMS 0x0000000706300000, 0x0000000706300000| Untracked 
|  12|0x0000000706400000, 0x0000000706500000, 0x0000000706500000|100%| O|  |TAMS 0x0000000706400000, 0x0000000706400000| Untracked 
|  13|0x0000000706500000, 0x0000000706600000, 0x0000000706600000|100%| O|  |TAMS 0x0000000706500000, 0x0000000706500000| Untracked 
|  14|0x0000000706600000, 0x0000000706700000, 0x0000000706700000|100%| O|  |TAMS 0x0000000706600000, 0x0000000706600000| Untracked 
|  15|0x0000000706700000, 0x0000000706800000, 0x0000000706800000|100%|HS|  |TAMS 0x0000000706700000, 0x0000000706700000| Complete 
|  16|0x0000000706800000, 0x0000000706900000, 0x0000000706900000|100%|HC|  |TAMS 0x0000000706800000, 0x0000000706800000| Complete 
|  17|0x0000000706900000, 0x0000000706a00000, 0x0000000706a00000|100%|HC|  |TAMS 0x0000000706900000, 0x0000000706900000| Complete 
|  18|0x0000000706a00000, 0x0000000706b00000, 0x0000000706b00000|100%|HS|  |TAMS 0x0000000706a00000, 0x0000000706a00000| Complete 
|  19|0x0000000706b00000, 0x0000000706c00000, 0x0000000706c00000|100%|HC|  |TAMS 0x0000000706b00000, 0x0000000706b00000| Complete 
|  20|0x0000000706c00000, 0x0000000706d00000, 0x0000000706d00000|100%|HC|  |TAMS 0x0000000706c00000, 0x0000000706c00000| Complete 
|  21|0x0000000706d00000, 0x0000000706e00000, 0x0000000706e00000|100%| O|  |TAMS 0x0000000706d00000, 0x0000000706d00000| Untracked 
|  22|0x0000000706e00000, 0x0000000706f00000, 0x0000000706f00000|100%| O|  |TAMS 0x0000000706e00000, 0x0000000706e00000| Untracked 
|  23|0x0000000706f00000, 0x0000000707000000, 0x0000000707000000|100%| O|  |TAMS 0x0000000706f00000, 0x0000000706f00000| Untracked 
|  24|0x0000000707000000, 0x0000000707100000, 0x0000000707100000|100%| O|  |TAMS 0x0000000707000000, 0x0000000707000000| Untracked 
|  25|0x0000000707100000, 0x0000000707200000, 0x0000000707200000|100%| O|  |TAMS 0x0000000707100000, 0x0000000707100000| Untracked 
|  26|0x0000000707200000, 0x0000000707300000, 0x0000000707300000|100%| O|  |TAMS 0x0000000707200000, 0x0000000707200000| Untracked 
|  27|0x0000000707300000, 0x0000000707400000, 0x0000000707400000|100%| O|  |TAMS 0x0000000707300000, 0x0000000707300000| Untracked 
|  28|0x0000000707400000, 0x0000000707500000, 0x0000000707500000|100%| O|  |TAMS 0x0000000707400000, 0x0000000707400000| Untracked 
|  29|0x0000000707500000, 0x0000000707600000, 0x0000000707600000|100%| O|  |TAMS 0x0000000707500000, 0x0000000707500000| Untracked 
|  30|0x0000000707600000, 0x0000000707700000, 0x0000000707700000|100%| O|  |TAMS 0x0000000707600000, 0x0000000707600000| Untracked 
|  31|0x0000000707700000, 0x0000000707800000, 0x0000000707800000|100%| O|  |TAMS 0x0000000707700000, 0x0000000707700000| Untracked 
|  32|0x0000000707800000, 0x0000000707900000, 0x0000000707900000|100%| O|  |TAMS 0x0000000707800000, 0x0000000707800000| Untracked 
|  33|0x0000000707900000, 0x0000000707900000, 0x0000000707a00000|  0%| F|  |TAMS 0x0000000707900000, 0x0000000707900000| Untracked 
|  34|0x0000000707a00000, 0x0000000707a00000, 0x0000000707b00000|  0%| F|  |TAMS 0x0000000707a00000, 0x0000000707a00000| Untracked 
|  35|0x0000000707b00000, 0x0000000707b00000, 0x0000000707c00000|  0%| F|  |TAMS 0x0000000707b00000, 0x0000000707b00000| Untracked 
|  36|0x0000000707c00000, 0x0000000707c00000, 0x0000000707d00000|  0%| F|  |TAMS 0x0000000707c00000, 0x0000000707c00000| Untracked 
|  37|0x0000000707d00000, 0x0000000707d00000, 0x0000000707e00000|  0%| F|  |TAMS 0x0000000707d00000, 0x0000000707d00000| Untracked 
|  38|0x0000000707e00000, 0x0000000707e00000, 0x0000000707f00000|  0%| F|  |TAMS 0x0000000707e00000, 0x0000000707e00000| Untracked 
|  39|0x0000000707f00000, 0x0000000708000000, 0x0000000708000000|100%| O|  |TAMS 0x0000000707f00000, 0x0000000707f00000| Untracked 
|  40|0x0000000708000000, 0x0000000708100000, 0x0000000708100000|100%| O|  |TAMS 0x0000000708000000, 0x0000000708000000| Untracked 
|  41|0x0000000708100000, 0x0000000708200000, 0x0000000708200000|100%| O|  |TAMS 0x0000000708100000, 0x0000000708100000| Untracked 
|  42|0x0000000708200000, 0x0000000708300000, 0x0000000708300000|100%| O|  |TAMS 0x0000000708200000, 0x0000000708200000| Untracked 
|  43|0x0000000708300000, 0x0000000708400000, 0x0000000708400000|100%| O|  |TAMS 0x0000000708300000, 0x0000000708300000| Untracked 
|  44|0x0000000708400000, 0x0000000708500000, 0x0000000708500000|100%| O|  |TAMS 0x0000000708400000, 0x0000000708400000| Untracked 
|  45|0x0000000708500000, 0x0000000708500000, 0x0000000708600000|  0%| F|  |TAMS 0x0000000708500000, 0x0000000708500000| Untracked 
|  46|0x0000000708600000, 0x0000000708600000, 0x0000000708700000|  0%| F|  |TAMS 0x0000000708600000, 0x0000000708600000| Untracked 
|  47|0x0000000708700000, 0x0000000708700000, 0x0000000708800000|  0%| F|  |TAMS 0x0000000708700000, 0x0000000708700000| Untracked 
|  48|0x0000000708800000, 0x0000000708800000, 0x0000000708900000|  0%| F|  |TAMS 0x0000000708800000, 0x0000000708800000| Untracked 
|  49|0x0000000708900000, 0x0000000708900000, 0x0000000708a00000|  0%| F|  |TAMS 0x0000000708900000, 0x0000000708900000| Untracked 
|  50|0x0000000708a00000, 0x0000000708a00000, 0x0000000708b00000|  0%| F|  |TAMS 0x0000000708a00000, 0x0000000708a00000| Untracked 
|  51|0x0000000708b00000, 0x0000000708b00000, 0x0000000708c00000|  0%| F|  |TAMS 0x0000000708b00000, 0x0000000708b00000| Untracked 
|  52|0x0000000708c00000, 0x0000000708c00000, 0x0000000708d00000|  0%| F|  |TAMS 0x0000000708c00000, 0x0000000708c00000| Untracked 
|  53|0x0000000708d00000, 0x0000000708d00000, 0x0000000708e00000|  0%| F|  |TAMS 0x0000000708d00000, 0x0000000708d00000| Untracked 
|  54|0x0000000708e00000, 0x0000000708e00000, 0x0000000708f00000|  0%| F|  |TAMS 0x0000000708e00000, 0x0000000708e00000| Untracked 
|  55|0x0000000708f00000, 0x0000000708f00000, 0x0000000709000000|  0%| F|  |TAMS 0x0000000708f00000, 0x0000000708f00000| Untracked 
|  56|0x0000000709000000, 0x0000000709000000, 0x0000000709100000|  0%| F|  |TAMS 0x0000000709000000, 0x0000000709000000| Untracked 
|  57|0x0000000709100000, 0x0000000709200000, 0x0000000709200000|100%|HS|  |TAMS 0x0000000709100000, 0x0000000709100000| Complete 
|  58|0x0000000709200000, 0x0000000709300000, 0x0000000709300000|100%|HC|  |TAMS 0x0000000709200000, 0x0000000709200000| Complete 
|  59|0x0000000709300000, 0x0000000709400000, 0x0000000709400000|100%|HC|  |TAMS 0x0000000709300000, 0x0000000709300000| Complete 
|  60|0x0000000709400000, 0x0000000709500000, 0x0000000709500000|100%| O|  |TAMS 0x0000000709400000, 0x0000000709400000| Untracked 
|  61|0x0000000709500000, 0x0000000709600000, 0x0000000709600000|100%| O|  |TAMS 0x0000000709500000, 0x0000000709500000| Untracked 
|  62|0x0000000709600000, 0x0000000709700000, 0x0000000709700000|100%| O|  |TAMS 0x0000000709600000, 0x0000000709600000| Untracked 
|  63|0x0000000709700000, 0x0000000709800000, 0x0000000709800000|100%| O|  |TAMS 0x0000000709700000, 0x0000000709700000| Untracked 
|  64|0x0000000709800000, 0x0000000709900000, 0x0000000709900000|100%| O|  |TAMS 0x0000000709800000, 0x0000000709800000| Untracked 
|  65|0x0000000709900000, 0x0000000709a00000, 0x0000000709a00000|100%| O|  |TAMS 0x0000000709900000, 0x0000000709900000| Untracked 
|  66|0x0000000709a00000, 0x0000000709b00000, 0x0000000709b00000|100%| O|  |TAMS 0x0000000709a00000, 0x0000000709a00000| Untracked 
|  67|0x0000000709b00000, 0x0000000709b6c600, 0x0000000709c00000| 42%| O|  |TAMS 0x0000000709b00000, 0x0000000709b00000| Untracked 
|  68|0x0000000709c00000, 0x0000000709c00000, 0x0000000709d00000|  0%| F|  |TAMS 0x0000000709c00000, 0x0000000709c00000| Untracked 
|  69|0x0000000709d00000, 0x0000000709d00000, 0x0000000709e00000|  0%| F|  |TAMS 0x0000000709d00000, 0x0000000709d00000| Untracked 
|  70|0x0000000709e00000, 0x0000000709e00000, 0x0000000709f00000|  0%| F|  |TAMS 0x0000000709e00000, 0x0000000709e00000| Untracked 
|  71|0x0000000709f00000, 0x0000000709f00000, 0x000000070a000000|  0%| F|  |TAMS 0x0000000709f00000, 0x0000000709f00000| Untracked 
|  72|0x000000070a000000, 0x000000070a000000, 0x000000070a100000|  0%| F|  |TAMS 0x000000070a000000, 0x000000070a000000| Untracked 
|  73|0x000000070a100000, 0x000000070a100000, 0x000000070a200000|  0%| F|  |TAMS 0x000000070a100000, 0x000000070a100000| Untracked 
|  74|0x000000070a200000, 0x000000070a200000, 0x000000070a300000|  0%| F|  |TAMS 0x000000070a200000, 0x000000070a200000| Untracked 
|  75|0x000000070a300000, 0x000000070a300000, 0x000000070a400000|  0%| F|  |TAMS 0x000000070a300000, 0x000000070a300000| Untracked 
|  76|0x000000070a400000, 0x000000070a400000, 0x000000070a500000|  0%| F|  |TAMS 0x000000070a400000, 0x000000070a400000| Untracked 
|  77|0x000000070a500000, 0x000000070a500000, 0x000000070a600000|  0%| F|  |TAMS 0x000000070a500000, 0x000000070a500000| Untracked 
|  78|0x000000070a600000, 0x000000070a600000, 0x000000070a700000|  0%| F|  |TAMS 0x000000070a600000, 0x000000070a600000| Untracked 
|  79|0x000000070a700000, 0x000000070a700000, 0x000000070a800000|  0%| F|  |TAMS 0x000000070a700000, 0x000000070a700000| Untracked 
|  80|0x000000070a800000, 0x000000070a800000, 0x000000070a900000|  0%| F|  |TAMS 0x000000070a800000, 0x000000070a800000| Untracked 
|  81|0x000000070a900000, 0x000000070a900000, 0x000000070aa00000|  0%| F|  |TAMS 0x000000070a900000, 0x000000070a900000| Untracked 
|  82|0x000000070aa00000, 0x000000070aa00000, 0x000000070ab00000|  0%| F|  |TAMS 0x000000070aa00000, 0x000000070aa00000| Untracked 
|  83|0x000000070ab00000, 0x000000070ab00000, 0x000000070ac00000|  0%| F|  |TAMS 0x000000070ab00000, 0x000000070ab00000| Untracked 
|  84|0x000000070ac00000, 0x000000070ac00000, 0x000000070ad00000|  0%| F|  |TAMS 0x000000070ac00000, 0x000000070ac00000| Untracked 
|  85|0x000000070ad00000, 0x000000070ad00000, 0x000000070ae00000|  0%| F|  |TAMS 0x000000070ad00000, 0x000000070ad00000| Untracked 
|  86|0x000000070ae00000, 0x000000070ae00000, 0x000000070af00000|  0%| F|  |TAMS 0x000000070ae00000, 0x000000070ae00000| Untracked 
|  87|0x000000070af00000, 0x000000070af00000, 0x000000070b000000|  0%| F|  |TAMS 0x000000070af00000, 0x000000070af00000| Untracked 
|  88|0x000000070b000000, 0x000000070b000000, 0x000000070b100000|  0%| F|  |TAMS 0x000000070b000000, 0x000000070b000000| Untracked 
|  89|0x000000070b100000, 0x000000070b100000, 0x000000070b200000|  0%| F|  |TAMS 0x000000070b100000, 0x000000070b100000| Untracked 
|  90|0x000000070b200000, 0x000000070b200000, 0x000000070b300000|  0%| F|  |TAMS 0x000000070b200000, 0x000000070b200000| Untracked 
|  91|0x000000070b300000, 0x000000070b300000, 0x000000070b400000|  0%| F|  |TAMS 0x000000070b300000, 0x000000070b300000| Untracked 
|  92|0x000000070b400000, 0x000000070b400000, 0x000000070b500000|  0%| F|  |TAMS 0x000000070b400000, 0x000000070b400000| Untracked 
|  93|0x000000070b500000, 0x000000070b500000, 0x000000070b600000|  0%| F|  |TAMS 0x000000070b500000, 0x000000070b500000| Untracked 
|  94|0x000000070b600000, 0x000000070b600000, 0x000000070b700000|  0%| F|  |TAMS 0x000000070b600000, 0x000000070b600000| Untracked 
|  95|0x000000070b700000, 0x000000070b700000, 0x000000070b800000|  0%| F|  |TAMS 0x000000070b700000, 0x000000070b700000| Untracked 
|  96|0x000000070b800000, 0x000000070b800000, 0x000000070b900000|  0%| F|  |TAMS 0x000000070b800000, 0x000000070b800000| Untracked 
|  97|0x000000070b900000, 0x000000070b900000, 0x000000070ba00000|  0%| F|  |TAMS 0x000000070b900000, 0x000000070b900000| Untracked 
|  98|0x000000070ba00000, 0x000000070ba00000, 0x000000070bb00000|  0%| F|  |TAMS 0x000000070ba00000, 0x000000070ba00000| Untracked 
|  99|0x000000070bb00000, 0x000000070bb00000, 0x000000070bc00000|  0%| F|  |TAMS 0x000000070bb00000, 0x000000070bb00000| Untracked 
| 100|0x000000070bc00000, 0x000000070bc00000, 0x000000070bd00000|  0%| F|  |TAMS 0x000000070bc00000, 0x000000070bc00000| Untracked 
| 101|0x000000070bd00000, 0x000000070bd00000, 0x000000070be00000|  0%| F|  |TAMS 0x000000070bd00000, 0x000000070bd00000| Untracked 
| 102|0x000000070be00000, 0x000000070be00000, 0x000000070bf00000|  0%| F|  |TAMS 0x000000070be00000, 0x000000070be00000| Untracked 
| 103|0x000000070bf00000, 0x000000070bf00000, 0x000000070c000000|  0%| F|  |TAMS 0x000000070bf00000, 0x000000070bf00000| Untracked 
| 104|0x000000070c000000, 0x000000070c000000, 0x000000070c100000|  0%| F|  |TAMS 0x000000070c000000, 0x000000070c000000| Untracked 
| 105|0x000000070c100000, 0x000000070c100000, 0x000000070c200000|  0%| F|  |TAMS 0x000000070c100000, 0x000000070c100000| Untracked 
| 106|0x000000070c200000, 0x000000070c200000, 0x000000070c300000|  0%| F|  |TAMS 0x000000070c200000, 0x000000070c200000| Untracked 
| 107|0x000000070c300000, 0x000000070c300000, 0x000000070c400000|  0%| F|  |TAMS 0x000000070c300000, 0x000000070c300000| Untracked 
| 108|0x000000070c400000, 0x000000070c400000, 0x000000070c500000|  0%| F|  |TAMS 0x000000070c400000, 0x000000070c400000| Untracked 
| 109|0x000000070c500000, 0x000000070c500000, 0x000000070c600000|  0%| F|  |TAMS 0x000000070c500000, 0x000000070c500000| Untracked 
| 110|0x000000070c600000, 0x000000070c600000, 0x000000070c700000|  0%| F|  |TAMS 0x000000070c600000, 0x000000070c600000| Untracked 
| 111|0x000000070c700000, 0x000000070c700000, 0x000000070c800000|  0%| F|  |TAMS 0x000000070c700000, 0x000000070c700000| Untracked 
| 112|0x000000070c800000, 0x000000070c800000, 0x000000070c900000|  0%| F|  |TAMS 0x000000070c800000, 0x000000070c800000| Untracked 
| 113|0x000000070c900000, 0x000000070c900000, 0x000000070ca00000|  0%| F|  |TAMS 0x000000070c900000, 0x000000070c900000| Untracked 
| 114|0x000000070ca00000, 0x000000070ca00000, 0x000000070cb00000|  0%| F|  |TAMS 0x000000070ca00000, 0x000000070ca00000| Untracked 
| 115|0x000000070cb00000, 0x000000070cb00000, 0x000000070cc00000|  0%| F|  |TAMS 0x000000070cb00000, 0x000000070cb00000| Untracked 
| 116|0x000000070cc00000, 0x000000070cc00000, 0x000000070cd00000|  0%| F|  |TAMS 0x000000070cc00000, 0x000000070cc00000| Untracked 
| 117|0x000000070cd00000, 0x000000070cd00000, 0x000000070ce00000|  0%| F|  |TAMS 0x000000070cd00000, 0x000000070cd00000| Untracked 
| 118|0x000000070ce00000, 0x000000070ce00000, 0x000000070cf00000|  0%| F|  |TAMS 0x000000070ce00000, 0x000000070ce00000| Untracked 
| 119|0x000000070cf00000, 0x000000070cf00000, 0x000000070d000000|  0%| F|  |TAMS 0x000000070cf00000, 0x000000070cf00000| Untracked 
| 120|0x000000070d000000, 0x000000070d000000, 0x000000070d100000|  0%| F|  |TAMS 0x000000070d000000, 0x000000070d000000| Untracked 
| 121|0x000000070d100000, 0x000000070d100000, 0x000000070d200000|  0%| F|  |TAMS 0x000000070d100000, 0x000000070d100000| Untracked 
| 122|0x000000070d200000, 0x000000070d200000, 0x000000070d300000|  0%| F|  |TAMS 0x000000070d200000, 0x000000070d200000| Untracked 
| 123|0x000000070d300000, 0x000000070d300000, 0x000000070d400000|  0%| F|  |TAMS 0x000000070d300000, 0x000000070d300000| Untracked 
| 124|0x000000070d400000, 0x000000070d400000, 0x000000070d500000|  0%| F|  |TAMS 0x000000070d400000, 0x000000070d400000| Untracked 
| 125|0x000000070d500000, 0x000000070d500000, 0x000000070d600000|  0%| F|  |TAMS 0x000000070d500000, 0x000000070d500000| Untracked 
| 126|0x000000070d600000, 0x000000070d600000, 0x000000070d700000|  0%| F|  |TAMS 0x000000070d600000, 0x000000070d600000| Untracked 
| 127|0x000000070d700000, 0x000000070d700000, 0x000000070d800000|  0%| F|  |TAMS 0x000000070d700000, 0x000000070d700000| Untracked 
| 128|0x000000070d800000, 0x000000070d800000, 0x000000070d900000|  0%| F|  |TAMS 0x000000070d800000, 0x000000070d800000| Untracked 
| 129|0x000000070d900000, 0x000000070d900000, 0x000000070da00000|  0%| F|  |TAMS 0x000000070d900000, 0x000000070d900000| Untracked 
| 130|0x000000070da00000, 0x000000070da00000, 0x000000070db00000|  0%| F|  |TAMS 0x000000070da00000, 0x000000070da00000| Untracked 
| 131|0x000000070db00000, 0x000000070db00000, 0x000000070dc00000|  0%| F|  |TAMS 0x000000070db00000, 0x000000070db00000| Untracked 
| 132|0x000000070dc00000, 0x000000070dc00000, 0x000000070dd00000|  0%| F|  |TAMS 0x000000070dc00000, 0x000000070dc00000| Untracked 
| 133|0x000000070dd00000, 0x000000070dd00000, 0x000000070de00000|  0%| F|  |TAMS 0x000000070dd00000, 0x000000070dd00000| Untracked 
| 134|0x000000070de00000, 0x000000070de00000, 0x000000070df00000|  0%| F|  |TAMS 0x000000070de00000, 0x000000070de00000| Untracked 
| 135|0x000000070df00000, 0x000000070df00000, 0x000000070e000000|  0%| F|  |TAMS 0x000000070df00000, 0x000000070df00000| Untracked 
| 136|0x000000070e000000, 0x000000070e000000, 0x000000070e100000|  0%| F|  |TAMS 0x000000070e000000, 0x000000070e000000| Untracked 
| 137|0x000000070e100000, 0x000000070e100000, 0x000000070e200000|  0%| F|  |TAMS 0x000000070e100000, 0x000000070e100000| Untracked 
| 138|0x000000070e200000, 0x000000070e200000, 0x000000070e300000|  0%| F|  |TAMS 0x000000070e200000, 0x000000070e200000| Untracked 
| 139|0x000000070e300000, 0x000000070e300000, 0x000000070e400000|  0%| F|  |TAMS 0x000000070e300000, 0x000000070e300000| Untracked 
| 140|0x000000070e400000, 0x000000070e400000, 0x000000070e500000|  0%| F|  |TAMS 0x000000070e400000, 0x000000070e400000| Untracked 
| 141|0x000000070e500000, 0x000000070e500000, 0x000000070e600000|  0%| F|  |TAMS 0x000000070e500000, 0x000000070e500000| Untracked 
| 142|0x000000070e600000, 0x000000070e600000, 0x000000070e700000|  0%| F|  |TAMS 0x000000070e600000, 0x000000070e600000| Untracked 
| 143|0x000000070e700000, 0x000000070e700000, 0x000000070e800000|  0%| F|  |TAMS 0x000000070e700000, 0x000000070e700000| Untracked 
| 144|0x000000070e800000, 0x000000070e800000, 0x000000070e900000|  0%| F|  |TAMS 0x000000070e800000, 0x000000070e800000| Untracked 
| 145|0x000000070e900000, 0x000000070e900000, 0x000000070ea00000|  0%| F|  |TAMS 0x000000070e900000, 0x000000070e900000| Untracked 
| 146|0x000000070ea00000, 0x000000070ea00000, 0x000000070eb00000|  0%| F|  |TAMS 0x000000070ea00000, 0x000000070ea00000| Untracked 
| 147|0x000000070eb00000, 0x000000070eb00000, 0x000000070ec00000|  0%| F|  |TAMS 0x000000070eb00000, 0x000000070eb00000| Untracked 
| 148|0x000000070ec00000, 0x000000070ec00000, 0x000000070ed00000|  0%| F|  |TAMS 0x000000070ec00000, 0x000000070ec00000| Untracked 
| 149|0x000000070ed00000, 0x000000070ed00000, 0x000000070ee00000|  0%| F|  |TAMS 0x000000070ed00000, 0x000000070ed00000| Untracked 
| 150|0x000000070ee00000, 0x000000070ee00000, 0x000000070ef00000|  0%| F|  |TAMS 0x000000070ee00000, 0x000000070ee00000| Untracked 
| 151|0x000000070ef00000, 0x000000070ef00000, 0x000000070f000000|  0%| F|  |TAMS 0x000000070ef00000, 0x000000070ef00000| Untracked 
| 152|0x000000070f000000, 0x000000070f000000, 0x000000070f100000|  0%| F|  |TAMS 0x000000070f000000, 0x000000070f000000| Untracked 
| 153|0x000000070f100000, 0x000000070f100000, 0x000000070f200000|  0%| F|  |TAMS 0x000000070f100000, 0x000000070f100000| Untracked 
| 154|0x000000070f200000, 0x000000070f200000, 0x000000070f300000|  0%| F|  |TAMS 0x000000070f200000, 0x000000070f200000| Untracked 
| 155|0x000000070f300000, 0x000000070f300000, 0x000000070f400000|  0%| F|  |TAMS 0x000000070f300000, 0x000000070f300000| Untracked 
| 156|0x000000070f400000, 0x000000070f400000, 0x000000070f500000|  0%| F|  |TAMS 0x000000070f400000, 0x000000070f400000| Untracked 
| 157|0x000000070f500000, 0x000000070f500000, 0x000000070f600000|  0%| F|  |TAMS 0x000000070f500000, 0x000000070f500000| Untracked 
| 158|0x000000070f600000, 0x000000070f600000, 0x000000070f700000|  0%| F|  |TAMS 0x000000070f600000, 0x000000070f600000| Untracked 
| 159|0x000000070f700000, 0x000000070f700000, 0x000000070f800000|  0%| F|  |TAMS 0x000000070f700000, 0x000000070f700000| Untracked 
| 160|0x000000070f800000, 0x000000070f800000, 0x000000070f900000|  0%| F|  |TAMS 0x000000070f800000, 0x000000070f800000| Untracked 
| 161|0x000000070f900000, 0x000000070f900000, 0x000000070fa00000|  0%| F|  |TAMS 0x000000070f900000, 0x000000070f900000| Untracked 
| 162|0x000000070fa00000, 0x000000070fa00000, 0x000000070fb00000|  0%| F|  |TAMS 0x000000070fa00000, 0x000000070fa00000| Untracked 
| 163|0x000000070fb00000, 0x000000070fb00000, 0x000000070fc00000|  0%| F|  |TAMS 0x000000070fb00000, 0x000000070fb00000| Untracked 
| 164|0x000000070fc00000, 0x000000070fc00000, 0x000000070fd00000|  0%| F|  |TAMS 0x000000070fc00000, 0x000000070fc00000| Untracked 
| 165|0x000000070fd00000, 0x000000070fd00000, 0x000000070fe00000|  0%| F|  |TAMS 0x000000070fd00000, 0x000000070fd00000| Untracked 
| 166|0x000000070fe00000, 0x000000070fe00000, 0x000000070ff00000|  0%| F|  |TAMS 0x000000070fe00000, 0x000000070fe00000| Untracked 
| 167|0x000000070ff00000, 0x000000070ff00000, 0x0000000710000000|  0%| F|  |TAMS 0x000000070ff00000, 0x000000070ff00000| Untracked 
| 168|0x0000000710000000, 0x0000000710000000, 0x0000000710100000|  0%| F|  |TAMS 0x0000000710000000, 0x0000000710000000| Untracked 
| 169|0x0000000710100000, 0x0000000710100000, 0x0000000710200000|  0%| F|  |TAMS 0x0000000710100000, 0x0000000710100000| Untracked 
| 170|0x0000000710200000, 0x0000000710200000, 0x0000000710300000|  0%| F|  |TAMS 0x0000000710200000, 0x0000000710200000| Untracked 
| 171|0x0000000710300000, 0x0000000710300000, 0x0000000710400000|  0%| F|  |TAMS 0x0000000710300000, 0x0000000710300000| Untracked 
| 172|0x0000000710400000, 0x0000000710400000, 0x0000000710500000|  0%| F|  |TAMS 0x0000000710400000, 0x0000000710400000| Untracked 
| 173|0x0000000710500000, 0x0000000710500000, 0x0000000710600000|  0%| F|  |TAMS 0x0000000710500000, 0x0000000710500000| Untracked 
| 174|0x0000000710600000, 0x0000000710600000, 0x0000000710700000|  0%| F|  |TAMS 0x0000000710600000, 0x0000000710600000| Untracked 
| 175|0x0000000710700000, 0x0000000710700000, 0x0000000710800000|  0%| F|  |TAMS 0x0000000710700000, 0x0000000710700000| Untracked 
| 176|0x0000000710800000, 0x0000000710800000, 0x0000000710900000|  0%| F|  |TAMS 0x0000000710800000, 0x0000000710800000| Untracked 
| 177|0x0000000710900000, 0x0000000710900000, 0x0000000710a00000|  0%| F|  |TAMS 0x0000000710900000, 0x0000000710900000| Untracked 
| 178|0x0000000710a00000, 0x0000000710a00000, 0x0000000710b00000|  0%| F|  |TAMS 0x0000000710a00000, 0x0000000710a00000| Untracked 
| 179|0x0000000710b00000, 0x0000000710b00000, 0x0000000710c00000|  0%| F|  |TAMS 0x0000000710b00000, 0x0000000710b00000| Untracked 
| 180|0x0000000710c00000, 0x0000000710c00000, 0x0000000710d00000|  0%| F|  |TAMS 0x0000000710c00000, 0x0000000710c00000| Untracked 
| 181|0x0000000710d00000, 0x0000000710d00000, 0x0000000710e00000|  0%| F|  |TAMS 0x0000000710d00000, 0x0000000710d00000| Untracked 
| 182|0x0000000710e00000, 0x0000000710e00000, 0x0000000710f00000|  0%| F|  |TAMS 0x0000000710e00000, 0x0000000710e00000| Untracked 
| 183|0x0000000710f00000, 0x0000000710f00000, 0x0000000711000000|  0%| F|  |TAMS 0x0000000710f00000, 0x0000000710f00000| Untracked 
| 184|0x0000000711000000, 0x0000000711000000, 0x0000000711100000|  0%| F|  |TAMS 0x0000000711000000, 0x0000000711000000| Untracked 
| 185|0x0000000711100000, 0x0000000711100000, 0x0000000711200000|  0%| F|  |TAMS 0x0000000711100000, 0x0000000711100000| Untracked 
| 186|0x0000000711200000, 0x0000000711200000, 0x0000000711300000|  0%| F|  |TAMS 0x0000000711200000, 0x0000000711200000| Untracked 
| 187|0x0000000711300000, 0x0000000711300000, 0x0000000711400000|  0%| F|  |TAMS 0x0000000711300000, 0x0000000711300000| Untracked 
| 188|0x0000000711400000, 0x0000000711400000, 0x0000000711500000|  0%| F|  |TAMS 0x0000000711400000, 0x0000000711400000| Untracked 
| 189|0x0000000711500000, 0x0000000711500000, 0x0000000711600000|  0%| F|  |TAMS 0x0000000711500000, 0x0000000711500000| Untracked 
| 190|0x0000000711600000, 0x0000000711600000, 0x0000000711700000|  0%| F|  |TAMS 0x0000000711600000, 0x0000000711600000| Untracked 
| 191|0x0000000711700000, 0x0000000711700000, 0x0000000711800000|  0%| F|  |TAMS 0x0000000711700000, 0x0000000711700000| Untracked 
| 192|0x0000000711800000, 0x0000000711800000, 0x0000000711900000|  0%| F|  |TAMS 0x0000000711800000, 0x0000000711800000| Untracked 
| 193|0x0000000711900000, 0x0000000711a00000, 0x0000000711a00000|100%| S|CS|TAMS 0x0000000711900000, 0x0000000711900000| Complete 
| 194|0x0000000711a00000, 0x0000000711b00000, 0x0000000711b00000|100%| S|CS|TAMS 0x0000000711a00000, 0x0000000711a00000| Complete 
| 195|0x0000000711b00000, 0x0000000711c00000, 0x0000000711c00000|100%| S|CS|TAMS 0x0000000711b00000, 0x0000000711b00000| Complete 
| 196|0x0000000711c00000, 0x0000000711d00000, 0x0000000711d00000|100%| S|CS|TAMS 0x0000000711c00000, 0x0000000711c00000| Complete 
| 197|0x0000000711d00000, 0x0000000711e00000, 0x0000000711e00000|100%| S|CS|TAMS 0x0000000711d00000, 0x0000000711d00000| Complete 
| 198|0x0000000711e00000, 0x0000000711f00000, 0x0000000711f00000|100%| S|CS|TAMS 0x0000000711e00000, 0x0000000711e00000| Complete 
| 199|0x0000000711f00000, 0x0000000712000000, 0x0000000712000000|100%| S|CS|TAMS 0x0000000711f00000, 0x0000000711f00000| Complete 
| 200|0x0000000712000000, 0x0000000712000000, 0x0000000712100000|  0%| F|  |TAMS 0x0000000712000000, 0x0000000712000000| Untracked 
| 201|0x0000000712100000, 0x0000000712100000, 0x0000000712200000|  0%| F|  |TAMS 0x0000000712100000, 0x0000000712100000| Untracked 
| 202|0x0000000712200000, 0x0000000712200000, 0x0000000712300000|  0%| F|  |TAMS 0x0000000712200000, 0x0000000712200000| Untracked 
| 203|0x0000000712300000, 0x0000000712300000, 0x0000000712400000|  0%| F|  |TAMS 0x0000000712300000, 0x0000000712300000| Untracked 
| 204|0x0000000712400000, 0x0000000712400000, 0x0000000712500000|  0%| F|  |TAMS 0x0000000712400000, 0x0000000712400000| Untracked 
| 205|0x0000000712500000, 0x0000000712500000, 0x0000000712600000|  0%| F|  |TAMS 0x0000000712500000, 0x0000000712500000| Untracked 
| 206|0x0000000712600000, 0x0000000712600000, 0x0000000712700000|  0%| F|  |TAMS 0x0000000712600000, 0x0000000712600000| Untracked 
| 207|0x0000000712700000, 0x0000000712700000, 0x0000000712800000|  0%| F|  |TAMS 0x0000000712700000, 0x0000000712700000| Untracked 
| 208|0x0000000712800000, 0x0000000712800000, 0x0000000712900000|  0%| F|  |TAMS 0x0000000712800000, 0x0000000712800000| Untracked 
| 209|0x0000000712900000, 0x0000000712900000, 0x0000000712a00000|  0%| F|  |TAMS 0x0000000712900000, 0x0000000712900000| Untracked 
| 210|0x0000000712a00000, 0x0000000712a00000, 0x0000000712b00000|  0%| F|  |TAMS 0x0000000712a00000, 0x0000000712a00000| Untracked 
| 211|0x0000000712b00000, 0x0000000712b00000, 0x0000000712c00000|  0%| F|  |TAMS 0x0000000712b00000, 0x0000000712b00000| Untracked 
| 212|0x0000000712c00000, 0x0000000712c00000, 0x0000000712d00000|  0%| F|  |TAMS 0x0000000712c00000, 0x0000000712c00000| Untracked 
| 213|0x0000000712d00000, 0x0000000712d00000, 0x0000000712e00000|  0%| F|  |TAMS 0x0000000712d00000, 0x0000000712d00000| Untracked 
| 214|0x0000000712e00000, 0x0000000712e00000, 0x0000000712f00000|  0%| F|  |TAMS 0x0000000712e00000, 0x0000000712e00000| Untracked 
| 215|0x0000000712f00000, 0x0000000712f00000, 0x0000000713000000|  0%| F|  |TAMS 0x0000000712f00000, 0x0000000712f00000| Untracked 
| 216|0x0000000713000000, 0x0000000713000000, 0x0000000713100000|  0%| F|  |TAMS 0x0000000713000000, 0x0000000713000000| Untracked 
| 217|0x0000000713100000, 0x0000000713100000, 0x0000000713200000|  0%| F|  |TAMS 0x0000000713100000, 0x0000000713100000| Untracked 
| 218|0x0000000713200000, 0x0000000713200000, 0x0000000713300000|  0%| F|  |TAMS 0x0000000713200000, 0x0000000713200000| Untracked 
| 219|0x0000000713300000, 0x0000000713300000, 0x0000000713400000|  0%| F|  |TAMS 0x0000000713300000, 0x0000000713300000| Untracked 
| 220|0x0000000713400000, 0x0000000713400000, 0x0000000713500000|  0%| F|  |TAMS 0x0000000713400000, 0x0000000713400000| Untracked 
| 221|0x0000000713500000, 0x0000000713500000, 0x0000000713600000|  0%| F|  |TAMS 0x0000000713500000, 0x0000000713500000| Untracked 
| 222|0x0000000713600000, 0x0000000713600000, 0x0000000713700000|  0%| F|  |TAMS 0x0000000713600000, 0x0000000713600000| Untracked 
| 223|0x0000000713700000, 0x0000000713700000, 0x0000000713800000|  0%| F|  |TAMS 0x0000000713700000, 0x0000000713700000| Untracked 
| 224|0x0000000713800000, 0x0000000713800000, 0x0000000713900000|  0%| F|  |TAMS 0x0000000713800000, 0x0000000713800000| Untracked 
| 225|0x0000000713900000, 0x0000000713900000, 0x0000000713a00000|  0%| F|  |TAMS 0x0000000713900000, 0x0000000713900000| Untracked 
| 226|0x0000000713a00000, 0x0000000713a00000, 0x0000000713b00000|  0%| F|  |TAMS 0x0000000713a00000, 0x0000000713a00000| Untracked 
| 227|0x0000000713b00000, 0x0000000713b00000, 0x0000000713c00000|  0%| F|  |TAMS 0x0000000713b00000, 0x0000000713b00000| Untracked 
| 228|0x0000000713c00000, 0x0000000713c00000, 0x0000000713d00000|  0%| F|  |TAMS 0x0000000713c00000, 0x0000000713c00000| Untracked 
| 229|0x0000000713d00000, 0x0000000713d00000, 0x0000000713e00000|  0%| F|  |TAMS 0x0000000713d00000, 0x0000000713d00000| Untracked 
| 230|0x0000000713e00000, 0x0000000713e00000, 0x0000000713f00000|  0%| F|  |TAMS 0x0000000713e00000, 0x0000000713e00000| Untracked 
| 231|0x0000000713f00000, 0x0000000713f00000, 0x0000000714000000|  0%| F|  |TAMS 0x0000000713f00000, 0x0000000713f00000| Untracked 
| 232|0x0000000714000000, 0x0000000714000000, 0x0000000714100000|  0%| F|  |TAMS 0x0000000714000000, 0x0000000714000000| Untracked 
| 233|0x0000000714100000, 0x0000000714100000, 0x0000000714200000|  0%| F|  |TAMS 0x0000000714100000, 0x0000000714100000| Untracked 
| 234|0x0000000714200000, 0x0000000714200000, 0x0000000714300000|  0%| F|  |TAMS 0x0000000714200000, 0x0000000714200000| Untracked 
| 235|0x0000000714300000, 0x0000000714300000, 0x0000000714400000|  0%| F|  |TAMS 0x0000000714300000, 0x0000000714300000| Untracked 
| 236|0x0000000714400000, 0x0000000714400000, 0x0000000714500000|  0%| F|  |TAMS 0x0000000714400000, 0x0000000714400000| Untracked 
| 237|0x0000000714500000, 0x0000000714500000, 0x0000000714600000|  0%| F|  |TAMS 0x0000000714500000, 0x0000000714500000| Untracked 
| 238|0x0000000714600000, 0x0000000714600000, 0x0000000714700000|  0%| F|  |TAMS 0x0000000714600000, 0x0000000714600000| Untracked 
| 239|0x0000000714700000, 0x0000000714700000, 0x0000000714800000|  0%| F|  |TAMS 0x0000000714700000, 0x0000000714700000| Untracked 
| 240|0x0000000714800000, 0x0000000714800000, 0x0000000714900000|  0%| F|  |TAMS 0x0000000714800000, 0x0000000714800000| Untracked 
| 241|0x0000000714900000, 0x0000000714900000, 0x0000000714a00000|  0%| F|  |TAMS 0x0000000714900000, 0x0000000714900000| Untracked 
| 242|0x0000000714a00000, 0x0000000714a00000, 0x0000000714b00000|  0%| F|  |TAMS 0x0000000714a00000, 0x0000000714a00000| Untracked 
| 243|0x0000000714b00000, 0x0000000714b00000, 0x0000000714c00000|  0%| F|  |TAMS 0x0000000714b00000, 0x0000000714b00000| Untracked 
| 244|0x0000000714c00000, 0x0000000714c00000, 0x0000000714d00000|  0%| F|  |TAMS 0x0000000714c00000, 0x0000000714c00000| Untracked 
| 245|0x0000000714d00000, 0x0000000714d00000, 0x0000000714e00000|  0%| F|  |TAMS 0x0000000714d00000, 0x0000000714d00000| Untracked 
| 246|0x0000000714e00000, 0x0000000714e00000, 0x0000000714f00000|  0%| F|  |TAMS 0x0000000714e00000, 0x0000000714e00000| Untracked 
| 247|0x0000000714f00000, 0x0000000714f00000, 0x0000000715000000|  0%| F|  |TAMS 0x0000000714f00000, 0x0000000714f00000| Untracked 
| 248|0x0000000715000000, 0x0000000715000000, 0x0000000715100000|  0%| F|  |TAMS 0x0000000715000000, 0x0000000715000000| Untracked 
| 249|0x0000000715100000, 0x0000000715100000, 0x0000000715200000|  0%| F|  |TAMS 0x0000000715100000, 0x0000000715100000| Untracked 
| 250|0x0000000715200000, 0x0000000715200000, 0x0000000715300000|  0%| F|  |TAMS 0x0000000715200000, 0x0000000715200000| Untracked 
| 251|0x0000000715300000, 0x0000000715300000, 0x0000000715400000|  0%| F|  |TAMS 0x0000000715300000, 0x0000000715300000| Untracked 

Card table byte_map: [0x000002a7a4d00000,0x000002a7a54e0000] _byte_map_base: 0x000002a7a14d4000

Marking Bits (Prev, Next): (CMBitMap*) 0x000002a78a9bf868, (CMBitMap*) 0x000002a78a9bf8a0
 Prev Bits: [0x000002a7a5cc0000, 0x000002a7a9b60000)
 Next Bits: [0x000002a7a9b60000, 0x000002a7ada00000)

Polling page: 0x000002a78aa40000

Metaspace:

Usage:
  Non-class:      9.09 MB capacity,     9.02 MB (>99%) used,    52.37 KB ( <1%) free+waste,    12.94 KB ( <1%) overhead. 
      Class:    983.00 KB capacity,   946.44 KB ( 96%) used,    30.56 KB (  3%) free+waste,     6.00 KB ( <1%) overhead. 
       Both:     10.05 MB capacity,     9.95 MB (>99%) used,    82.93 KB ( <1%) free+waste,    18.94 KB ( <1%) overhead. 

Virtual space:
  Non-class space:       10.00 MB reserved,       9.25 MB ( 93%) committed 
      Class space:        1.00 GB reserved,       1.00 MB ( <1%) committed 
             Both:        1.01 GB reserved,      10.25 MB ( <1%) committed 

Chunk freelists:
   Non-Class:  38.00 KB
       Class:  0 bytes
        Both:  38.00 KB

MaxMetaspaceSize: 17179869184.00 GB
CompressedClassSpaceSize: 1.00 GB
Initial GC threshold: 20.80 MB
Current GC threshold: 20.80 MB
CDS: off

CodeHeap 'non-profiled nmethods': size=120000Kb used=545Kb max_used=545Kb free=119454Kb
 bounds [0x000002a79c360000, 0x000002a79c5d0000, 0x000002a7a3890000]
CodeHeap 'profiled nmethods': size=120000Kb used=1344Kb max_used=1344Kb free=118655Kb
 bounds [0x000002a794e30000, 0x000002a7950a0000, 0x000002a79c360000]
CodeHeap 'non-nmethods': size=5760Kb used=1127Kb max_used=1159Kb free=4632Kb
 bounds [0x000002a794890000, 0x000002a794b00000, 0x000002a794e30000]
 total_blobs=1265 nmethods=887 adapters=291
 compilation: enabled
              stopped_count=0, restarted_count=0
 full_count=0

Compilation events (20 events):
Event: 0.895 Thread 0x000002a7b07b9000  881       3       java.nio.MappedByteBuffer::position (8 bytes)
Event: 0.895 Thread 0x000002a7b07b9000 nmethod 881 0x000002a794f7df10 code [0x000002a794f7e0e0, 0x000002a794f7e288]
Event: 0.895 Thread 0x000002a7b07b9000  882       3       java.nio.MappedByteBuffer::limit (8 bytes)
Event: 0.896 Thread 0x000002a7b07b9000 nmethod 882 0x000002a794f7e390 code [0x000002a794f7e560, 0x000002a794f7e708]
Event: 0.896 Thread 0x000002a7b07b9000  879       3       java.nio.Buffer::checkIndex (22 bytes)
Event: 0.896 Thread 0x000002a7b07b9000 nmethod 879 0x000002a794f7e810 code [0x000002a794f7e9e0, 0x000002a794f7ec28]
Event: 0.896 Thread 0x000002a7b07b9000  884       3       java.nio.Buffer::<init> (99 bytes)
Event: 0.896 Thread 0x000002a7b07b9000 nmethod 884 0x000002a794f7ed10 code [0x000002a794f7f000, 0x000002a794f7fd78]
Event: 0.900 Thread 0x000002a7b1061800 nmethod 875% 0x000002a79c3df110 code [0x000002a79c3df2c0, 0x000002a79c3df7d8]
Event: 0.900 Thread 0x000002a7b1061800  883       4       java.nio.Buffer::hasRemaining (17 bytes)
Event: 0.901 Thread 0x000002a7b1061800 nmethod 883 0x000002a79c3df990 code [0x000002a79c3dfb20, 0x000002a79c3dfb98]
Event: 0.901 Thread 0x000002a7b1061800  885       4       java.util.zip.Inflater::ensureOpen (47 bytes)
Event: 0.902 Thread 0x000002a7b1061800 nmethod 885 0x000002a79c3dfc90 code [0x000002a79c3dfe20, 0x000002a79c3dfeb8]
Event: 0.902 Thread 0x000002a7b1235800 nmethod 851% 0x000002a79c3dff90 code [0x000002a79c3e02a0, 0x000002a79c3e26d0]
Event: 0.902 Thread 0x000002a7b1061800  886   !   4       java.util.zip.Inflater::inflate (418 bytes)
Event: 0.907 Thread 0x000002a7b1061800 nmethod 886 0x000002a79c3e4110 code [0x000002a79c3e4320, 0x000002a79c3e4bc0]
Event: 0.908 Thread 0x000002a7b121a800 nmethod 874 0x000002a79c3e5410 code [0x000002a79c3e5640, 0x000002a79c3e6970]
Event: 0.921 Thread 0x000002a7b1235800  887       4       java.util.HashMap::putVal (300 bytes)
Event: 0.924 Thread 0x000002a7b1061800  888       4       java.util.jar.Manifest::read (340 bytes)
Event: 0.930 Thread 0x000002a7b1235800 nmethod 887 0x000002a79c3e7310 code [0x000002a79c3e7540, 0x000002a79c3e8190]

GC Heap History (9 events):
Event: 0.348 GC heap before
{Heap before GC invocations=0 (full 0):
 garbage-first heap   total 258048K, used 46080K [0x0000000705800000, 0x0000000800000000)
  region size 1024K, 24 young (24576K), 0 survivors (0K)
 Metaspace       used 5561K, capacity 5598K, committed 5888K, reserved 1056768K
  class space    used 443K, capacity 458K, committed 512K, reserved 1048576K
}
Event: 0.358 GC heap after
{Heap after GC invocations=1 (full 0):
 garbage-first heap   total 258048K, used 21264K [0x0000000705800000, 0x0000000800000000)
  region size 1024K, 3 young (3072K), 3 survivors (3072K)
 Metaspace       used 5561K, capacity 5598K, committed 5888K, reserved 1056768K
  class space    used 443K, capacity 458K, committed 512K, reserved 1048576K
}
Event: 0.395 GC heap before
{Heap before GC invocations=1 (full 0):
 garbage-first heap   total 258048K, used 30480K [0x0000000705800000, 0x0000000800000000)
  region size 1024K, 12 young (12288K), 3 survivors (3072K)
 Metaspace       used 6114K, capacity 6174K, committed 6528K, reserved 1056768K
  class space    used 489K, capacity 522K, committed 640K, reserved 1048576K
}
Event: 0.400 GC heap after
{Heap after GC invocations=2 (full 0):
 garbage-first heap   total 258048K, used 27010K [0x0000000705800000, 0x0000000800000000)
  region size 1024K, 2 young (2048K), 2 survivors (2048K)
 Metaspace       used 6114K, capacity 6174K, committed 6528K, reserved 1056768K
  class space    used 489K, capacity 522K, committed 640K, reserved 1048576K
}
Event: 0.484 GC heap before
{Heap before GC invocations=2 (full 0):
 garbage-first heap   total 258048K, used 38274K [0x0000000705800000, 0x0000000800000000)
  region size 1024K, 14 young (14336K), 2 survivors (2048K)
 Metaspace       used 7265K, capacity 7300K, committed 7552K, reserved 1056768K
  class space    used 603K, capacity 620K, committed 640K, reserved 1048576K
}
Event: 0.490 GC heap after
{Heap after GC invocations=3 (full 0):
 garbage-first heap   total 258048K, used 35015K [0x0000000705800000, 0x0000000800000000)
  region size 1024K, 2 young (2048K), 2 survivors (2048K)
 Metaspace       used 7265K, capacity 7300K, committed 7552K, reserved 1056768K
  class space    used 603K, capacity 620K, committed 640K, reserved 1048576K
}
Event: 0.789 GC heap before
{Heap before GC invocations=3 (full 0):
 garbage-first heap   total 258048K, used 63687K [0x0000000705800000, 0x0000000800000000)
  region size 1024K, 25 young (25600K), 2 survivors (2048K)
 Metaspace       used 10137K, capacity 10289K, committed 10496K, reserved 1058816K
  class space    used 941K, capacity 983K, committed 1024K, reserved 1048576K
}
Event: 0.797 GC heap after
{Heap after GC invocations=4 (full 0):
 garbage-first heap   total 258048K, used 47104K [0x0000000705800000, 0x0000000800000000)
  region size 1024K, 4 young (4096K), 4 survivors (4096K)
 Metaspace       used 10137K, capacity 10289K, committed 10496K, reserved 1058816K
  class space    used 941K, capacity 983K, committed 1024K, reserved 1048576K
}
Event: 0.937 GC heap before
{Heap before GC invocations=4 (full 0):
 garbage-first heap   total 258048K, used 114688K [0x0000000705800000, 0x0000000800000000)
  region size 1024K, 52 young (53248K), 4 survivors (4096K)
 Metaspace       used 10187K, capacity 10289K, committed 10496K, reserved 1058816K
  class space    used 946K, capacity 983K, committed 1024K, reserved 1048576K
}

Deoptimization events (20 events):
Event: 0.862 Thread 0x000002a78a82b000 Uncommon trap: trap_request=0xffffffde fr.pc=0x000002a79c3970c4 relative=0x0000000000001024
Event: 0.862 Thread 0x000002a78a82b000 Uncommon trap: reason=class_check action=maybe_recompile pc=0x000002a79c3970c4 method=java.util.HashMap.putVal(ILjava/lang/Object;Ljava/lang/Object;ZZ)Ljava/lang/Object; @ 91 c2
Event: 0.862 Thread 0x000002a78a82b000 DEOPT PACKING pc=0x000002a79c3970c4 sp=0x000000cc962fbbc0
Event: 0.862 Thread 0x000002a78a82b000 DEOPT UNPACKING pc=0x000002a7948da1af sp=0x000000cc962fbba0 mode 2
Event: 0.868 Thread 0x000002a78a82b000 DEOPT PACKING pc=0x000002a794f278a7 sp=0x000000cc962fba90
Event: 0.868 Thread 0x000002a78a82b000 DEOPT UNPACKING pc=0x000002a7948da95e sp=0x000000cc962faed0 mode 0
Event: 0.872 Thread 0x000002a78a82b000 Uncommon trap: trap_request=0xffffffde fr.pc=0x000002a79c3d0ec0 relative=0x00000000000003a0
Event: 0.872 Thread 0x000002a78a82b000 Uncommon trap: reason=class_check action=maybe_recompile pc=0x000002a79c3d0ec0 method=java.util.HashMap.putMapEntries(Ljava/util/Map;Z)V @ 1 c2
Event: 0.872 Thread 0x000002a78a82b000 DEOPT PACKING pc=0x000002a79c3d0ec0 sp=0x000000cc962fbe70
Event: 0.872 Thread 0x000002a78a82b000 DEOPT UNPACKING pc=0x000002a7948da1af sp=0x000000cc962fbe38 mode 2
Event: 0.879 Thread 0x000002a78a82b000 Uncommon trap: trap_request=0xffffff4d fr.pc=0x000002a79c3a8670 relative=0x0000000000000f30
Event: 0.880 Thread 0x000002a78a82b000 Uncommon trap: reason=unstable_if action=reinterpret pc=0x000002a79c3a8670 method=sun.security.util.SignatureFileVerifier.updateSigners([Ljava/security/CodeSigner;Ljava/util/Hashtable;Ljava/lang/String;)V @ 24 c2
Event: 0.880 Thread 0x000002a78a82b000 DEOPT PACKING pc=0x000002a79c3a8670 sp=0x000000cc962fbf60
Event: 0.880 Thread 0x000002a78a82b000 DEOPT UNPACKING pc=0x000002a7948da1af sp=0x000000cc962fbf40 mode 2
Event: 0.891 Thread 0x000002a78a82b000 Uncommon trap: trap_request=0xffffff4d fr.pc=0x000002a79c3cf278 relative=0x00000000000001b8
Event: 0.891 Thread 0x000002a78a82b000 Uncommon trap: reason=unstable_if action=reinterpret pc=0x000002a79c3cf278 method=java.util.LinkedHashMap.entrySet()Ljava/util/Set; @ 6 c2
Event: 0.891 Thread 0x000002a78a82b000 DEOPT PACKING pc=0x000002a79c3cf278 sp=0x000000cc962fc120
Event: 0.891 Thread 0x000002a78a82b000 DEOPT UNPACKING pc=0x000002a7948da1af sp=0x000000cc962fc078 mode 2
Event: 0.924 Thread 0x000002a78a82b000 DEOPT PACKING pc=0x000002a794f683ed sp=0x000000cc962fbee0
Event: 0.924 Thread 0x000002a78a82b000 DEOPT UNPACKING pc=0x000002a7948da95e sp=0x000000cc962fb450 mode 0

Classes redefined (0 events):
No events

Internal exceptions (9 events):
Event: 0.447 Thread 0x000002a78a82b000 Implicit null exception at 0x000002a79c3909c7 to 0x000002a79c390aac
Event: 0.700 Thread 0x000002a78a82b000 Exception <a 'java/lang/NoSuchMethodError'{0x0000000714f785b8}: 'int java.lang.invoke.DirectMethodHandle$Holder.invokeSpecialIFC(java.lang.Object, java.lang.Object, int)'> (0x0000000714f785b8) thrown at [./src/hotspot/share/interpreter/linkResolver.cpp, line 773]
Event: 0.713 Thread 0x000002a78a82b000 Exception <a 'java/lang/NoSuchMethodError'{0x0000000714fe59f0}: 'java.lang.Object java.lang.invoke.DirectMethodHandle$Holder.invokeStatic(java.lang.Object, java.lang.Object, java.lang.Object, java.lang.Object, java.lang.Object, java.lang.Object, java.lang.Object, java.lang.Object, java.lang.Object, java.lang.Object, java.lang.Object, java.lang.Object, java.lang.Object, java.lang.Object, java.lang.Object)'> (0x0000000714fe59f0) thrown at [./src/hotspot/share/interpreter/linkResolver.cpp, line 773]
Event: 0.714 Thread 0x000002a78a82b000 Exception <a 'java/lang/NoSuchMethodError'{0x0000000714ff39a0}: 'java.lang.Object java.lang.invoke.DirectMethodHandle$Holder.invokeStatic(java.lang.Object, java.lang.Object, java.lang.Object, java.lang.Object, java.lang.Object, java.lang.Object, java.lang.Object, java.lang.Object, java.lang.Object, java.lang.Object, java.lang.Object, java.lang.Object, java.lang.Object, java.lang.Object, java.lang.Object, java.lang.Object)'> (0x0000000714ff39a0) thrown at [./src/hotspot/share/interpreter/linkResolver.cpp, l
Event: 0.715 Thread 0x000002a78a82b000 Exception <a 'java/lang/NoSuchMethodError'{0x0000000714e01b00}: 'java.lang.Object java.lang.invoke.DirectMethodHandle$Holder.invokeSpecial(java.lang.Object, java.lang.Object, int, int, java.lang.Object, java.lang.Object, java.lang.Object)'> (0x0000000714e01b00) thrown at [./src/hotspot/share/interpreter/linkResolver.cpp, line 773]
Event: 0.716 Thread 0x000002a78a82b000 Exception <a 'java/lang/NoSuchMethodError'{0x0000000714e05090}: 'java.lang.Object java.lang.invoke.DelegatingMethodHandle$Holder.reinvoke_L(java.lang.Object, int, int, java.lang.Object, java.lang.Object, java.lang.Object)'> (0x0000000714e05090) thrown at [./src/hotspot/share/interpreter/linkResolver.cpp, line 773]
Event: 0.717 Thread 0x000002a78a82b000 Exception <a 'java/lang/NoSuchMethodError'{0x0000000714e09418}: 'java.lang.Object java.lang.invoke.DirectMethodHandle$Holder.invokeStatic(java.lang.Object, java.lang.Object, java.lang.Object, java.lang.Object, int)'> (0x0000000714e09418) thrown at [./src/hotspot/share/interpreter/linkResolver.cpp, line 773]
Event: 0.830 Thread 0x000002a78a82b000 Implicit null exception at 0x000002a79c38b3f9 to 0x000002a79c38be9c
Event: 0.847 Thread 0x000002a78a82b000 Implicit null exception at 0x000002a79c3713f8 to 0x000002a79c3714d4

Events (20 events):
Event: 0.848 Executing VM operation: RevokeBias done
Event: 0.861 Executing VM operation: RevokeBias
Event: 0.861 Executing VM operation: RevokeBias done
Event: 0.892 loading class org/apache/xerces/jaxp/DocumentBuilderFactoryImpl
Event: 0.892 loading class org/apache/xerces/jaxp/DocumentBuilderFactoryImpl done
Event: 0.893 loading class javax/xml/parsers/ParserConfigurationException
Event: 0.893 loading class javax/xml/parsers/ParserConfigurationException done
Event: 0.893 loading class javax/xml/parsers/DocumentBuilder
Event: 0.893 loading class javax/xml/parsers/DocumentBuilder done
Event: 0.894 loading class org/apache/xerces/jaxp/DocumentBuilderImpl
Event: 0.894 loading class org/apache/xerces/jaxp/DocumentBuilderImpl done
Event: 0.894 loading class org/apache/xerces/jaxp/JAXPConstants
Event: 0.894 loading class org/apache/xerces/jaxp/JAXPConstants done
Event: 0.894 loading class org/xml/sax/SAXNotRecognizedException
Event: 0.894 loading class org/xml/sax/SAXNotRecognizedException done
Event: 0.894 loading class org/xml/sax/SAXNotSupportedException
Event: 0.894 loading class org/xml/sax/SAXNotSupportedException done
Event: 0.895 loading class javax/xml/parsers/SAXParserFactory
Event: 0.895 loading class javax/xml/parsers/SAXParserFactory done
Event: 0.937 Executing VM operation: G1CollectForAllocation


Dynamic libraries:
0x00007ff745780000 - 0x00007ff74578d000 	C:\Program Files\Microsoft\jdk-11.0.16.101-hotspot\bin\java.exe
0x00007ffb87750000 - 0x00007ffb87948000 	C:\Windows\SYSTEM32\ntdll.dll
0x00007ffb86a90000 - 0x00007ffb86b4f000 	C:\Windows\System32\KERNEL32.DLL
0x00007ffb84f20000 - 0x00007ffb85216000 	C:\Windows\System32\KERNELBASE.dll
0x00007ffb855a0000 - 0x00007ffb856a0000 	C:\Windows\System32\ucrtbase.dll
0x00007ffb5a650000 - 0x00007ffb5a665000 	C:\Program Files\Microsoft\jdk-11.0.16.101-hotspot\bin\VCRUNTIME140.dll
0x00007ffb5a760000 - 0x00007ffb5a777000 	C:\Program Files\Microsoft\jdk-11.0.16.101-hotspot\bin\jli.dll
0x00007ffb85980000 - 0x00007ffb85b1d000 	C:\Windows\System32\USER32.dll
0x00007ffb85440000 - 0x00007ffb85462000 	C:\Windows\System32\win32u.dll
0x00007ffb5c560000 - 0x00007ffb5c7fa000 	C:\Windows\WinSxS\amd64_microsoft.windows.common-controls_6595b64144ccf1df_6.0.19041.1110_none_60b5254171f9507e\COMCTL32.dll
0x00007ffb85b20000 - 0x00007ffb85b4c000 	C:\Windows\System32\GDI32.dll
0x00007ffb86350000 - 0x00007ffb863ee000 	C:\Windows\System32\msvcrt.dll
0x00007ffb84e00000 - 0x00007ffb84f15000 	C:\Windows\System32\gdi32full.dll
0x00007ffb85500000 - 0x00007ffb8559d000 	C:\Windows\System32\msvcp_win.dll
0x00007ffb85b50000 - 0x00007ffb85b80000 	C:\Windows\System32\IMM32.DLL
0x00007ffb4b640000 - 0x00007ffb4b6db000 	C:\Program Files\Microsoft\jdk-11.0.16.101-hotspot\bin\msvcp140.dll
0x00007ffac6430000 - 0x00007ffac6fba000 	C:\Program Files\Microsoft\jdk-11.0.16.101-hotspot\bin\server\jvm.dll
0x00007ffb86c80000 - 0x00007ffb86d2f000 	C:\Windows\System32\ADVAPI32.dll
0x00007ffb86750000 - 0x00007ffb867ec000 	C:\Windows\System32\sechost.dll
0x00007ffb86060000 - 0x00007ffb86186000 	C:\Windows\System32\RPCRT4.dll
0x00007ffb86190000 - 0x00007ffb86198000 	C:\Windows\System32\PSAPI.DLL
0x00007ffb7d110000 - 0x00007ffb7d11a000 	C:\Windows\SYSTEM32\VERSION.dll
0x00007ffb585c0000 - 0x00007ffb585c9000 	C:\Windows\SYSTEM32\WSOCK32.dll
0x00007ffb76520000 - 0x00007ffb76547000 	C:\Windows\SYSTEM32\WINMM.dll
0x00007ffb86e70000 - 0x00007ffb86edb000 	C:\Windows\System32\WS2_32.dll
0x00007ffb83560000 - 0x00007ffb83572000 	C:\Windows\SYSTEM32\kernel.appcore.dll
0x00007ffb76040000 - 0x00007ffb76050000 	C:\Program Files\Microsoft\jdk-11.0.16.101-hotspot\bin\verify.dll
0x00007ffb82910000 - 0x00007ffb82af4000 	C:\Windows\SYSTEM32\DBGHELP.DLL
0x00007ffb74b10000 - 0x00007ffb74b44000 	C:\Windows\SYSTEM32\dbgcore.DLL
0x00007ffb85470000 - 0x00007ffb854f2000 	C:\Windows\System32\bcryptPrimitives.dll
0x00007ffb59d80000 - 0x00007ffb59da8000 	C:\Program Files\Microsoft\jdk-11.0.16.101-hotspot\bin\java.dll
0x00007ffb75b20000 - 0x00007ffb75b2a000 	C:\Program Files\Microsoft\jdk-11.0.16.101-hotspot\bin\jimage.dll
0x00007ffb59f20000 - 0x00007ffb59f38000 	C:\Program Files\Microsoft\jdk-11.0.16.101-hotspot\bin\zip.dll
0x00007ffb86f90000 - 0x00007ffb876d4000 	C:\Windows\System32\SHELL32.dll
0x00007ffb82b00000 - 0x00007ffb83293000 	C:\Windows\SYSTEM32\windows.storage.dll
0x00007ffb863f0000 - 0x00007ffb86744000 	C:\Windows\System32\combase.dll
0x00007ffb84690000 - 0x00007ffb846be000 	C:\Windows\SYSTEM32\Wldp.dll
0x00007ffb86d30000 - 0x00007ffb86ddd000 	C:\Windows\System32\SHCORE.dll
0x00007ffb86000000 - 0x00007ffb86055000 	C:\Windows\System32\shlwapi.dll
0x00007ffb84d40000 - 0x00007ffb84d5f000 	C:\Windows\SYSTEM32\profapi.dll
0x00007ffb595e0000 - 0x00007ffb595f9000 	C:\Program Files\Microsoft\jdk-11.0.16.101-hotspot\bin\net.dll
0x00007ffb7e410000 - 0x00007ffb7e51a000 	C:\Windows\SYSTEM32\WINHTTP.dll
0x00007ffb84470000 - 0x00007ffb844da000 	C:\Windows\system32\mswsock.dll
0x00007ffb58c10000 - 0x00007ffb58c23000 	C:\Program Files\Microsoft\jdk-11.0.16.101-hotspot\bin\nio.dll

dbghelp: loaded successfully - version: 4.0.5 - missing functions: none
symbol engine: initialized successfully - sym options: 0x614 - pdb path: .;C:\Program Files\Microsoft\jdk-11.0.16.101-hotspot\bin;C:\Windows\SYSTEM32;C:\Windows\WinSxS\amd64_microsoft.windows.common-controls_6595b64144ccf1df_6.0.19041.1110_none_60b5254171f9507e;C:\Program Files\Microsoft\jdk-11.0.16.101-hotspot\bin\server

VM Arguments:
java_command: com.xamarin.manifestmerger.Main obj\Debug\net7.0-android\android\manifestmerger.rsp
java_class_path (initial): C:\Program Files\dotnet\packs\Microsoft.Android.Sdk.Windows\33.0.46\tools\manifestmerger.jar
Launcher Type: SUN_STANDARD

[Global flags]
     intx CICompilerCount                          = 4                                         {product} {ergonomic}
     uint ConcGCThreads                            = 3                                         {product} {ergonomic}
     uint G1ConcRefinementThreads                  = 10                                        {product} {ergonomic}
   size_t G1HeapRegionSize                         = 1048576                                   {product} {ergonomic}
    uintx GCDrainStackTargetSize                   = 64                                        {product} {ergonomic}
   size_t InitialHeapSize                          = 264241152                                 {product} {ergonomic}
   size_t MarkStackSize                            = 4194304                                   {product} {ergonomic}
   size_t MaxHeapSize                              = 4202692608                                {product} {ergonomic}
   size_t MaxNewSize                               = 2520776704                                {product} {ergonomic}
   size_t MinHeapDeltaBytes                        = 1048576                                   {product} {ergonomic}
    uintx NonNMethodCodeHeapSize                   = 5836300                                {pd product} {ergonomic}
    uintx NonProfiledCodeHeapSize                  = 122910970                              {pd product} {ergonomic}
    uintx ProfiledCodeHeapSize                     = 122910970                              {pd product} {ergonomic}
    uintx ReservedCodeCacheSize                    = 251658240                              {pd product} {ergonomic}
     bool SegmentedCodeCache                       = true                                      {product} {ergonomic}
     bool UseCompressedClassPointers               = true                                 {lp64_product} {ergonomic}
     bool UseCompressedOops                        = true                                 {lp64_product} {ergonomic}
     bool UseG1GC                                  = true                                      {product} {ergonomic}
     bool UseLargePagesIndividualAllocation        = false                                  {pd product} {ergonomic}

Logging:
Log output configuration:
 #0: stdout all=warning uptime,level,tags
 #1: stderr all=off uptime,level,tags

Environment Variables:
PATH=C:\Program Files\Microsoft\jdk-11.0.16.101-hotspot\bin;C:\Program Files\Microsoft MPI\Bin\;C:\Windows\system32;C:\Windows;C:\Windows\System32\Wbem;C:\Windows\System32\WindowsPowerShell\v1.0\;C:\Windows\System32\OpenSSH\;C:\Program Files (x86)\CheckPoint\Endpoint Security\Endpoint Common\bin;C:\Program Files (x86)\Microsoft SQL Server\140\Tools\Binn\;C:\Program Files\Microsoft SQL Server\140\Tools\Binn\;C:\Program Files (x86)\Microsoft SQL Server\140\DTS\Binn\;C:\Program Files\Microsoft SQL Server\140\DTS\Binn\;C:\Program Files\Microsoft SQL Server\Client SDK\ODBC\130\Tools\Binn\;C:\Program Files (x86)\Microsoft SQL Server\Client SDK\ODBC\130\Tools\Binn\;C:\Program Files (x86)\Microsoft SQL Server\140\Tools\Binn\ManagementStudio\;C:\Program Files\Microsoft SQL Server\130\Tools\Binn\;C:\Program Files\nodejs;C:\Program Files\Git\cmd;C:\Program Files (x86)\GitExtensions\;C:\Program Files\MongoDB\Server\3.4\bin;C:\Program Files\nodejs\;C:\Program Files\Microsoft SQL Server\150\Tools\Binn\;C:\Program Files\Microsoft SQL Server\Client SDK\ODBC\170\Tools\Binn\;C:\Program Files\dotnet\;C:\Users\chandrashekharam\AppData\Local\Microsoft\WindowsApps;C:\Users\chandrashekharam\.dotnet\tools;C:\VSCode\Microsoft VS Code\bin;C:\Users\chandrashekharam\AppData\Roaming\npm
USERNAME=chandrashekharam
OS=Windows_NT
PROCESSOR_IDENTIFIER=Intel64 Family 6 Model 165 Stepping 3, GenuineIntel
TMP=C:\Users\CHANDR~1\AppData\Local\Temp
TEMP=C:\Users\CHANDR~1\AppData\Local\Temp



---------------  S Y S T E M  ---------------

OS: Windows 10 , 64 bit Build 19041 (10.0.19041.3031)
OS uptime: 10 days 20:04 hours
Hyper-V role detected

CPU:total 12 (initial active 12) (6 cores per cpu, 2 threads per core) family 6 model 165 stepping 3 microcode 0xcc, cmov, cx8, fxsr, mmx, sse, sse2, sse3, ssse3, sse4.1, sse4.2, popcnt, avx, avx2, aes, clmul, erms, 3dnowpref, lzcnt, ht, tsc, tscinvbit, bmi1, bmi2, adx, fma

Memory: 4k page, system-wide physical 16026M (1644M free)
TotalPageFile size 28026M (AvailPageFile size 51M)
current process WorkingSet (physical memory assigned to process): 180M, peak: 180M
current process commit charge ("private bytes"): 359M, peak: 475M

vm_info: OpenJDK 64-Bit Server VM (11.0.16.1+1-LTS) for windows-amd64 JRE (11.0.16.1+1-LTS), built on Aug 20 2022 20:09:04 by "" with MS VC++ 15.9 (VS2017)

END.
